<?xml version="1.0" encoding="UTF-8"?>
<!-- Generated by org.testng.reporters.JUnitXMLReporter -->
<testsuite hostname="RENT-MIS-LT3045" ignored="0" name="Regression1" tests="3" failures="2" timestamp="19 May 2019 10:02:14 GMT" time="68.391" errors="0">
  <testcase name="login_AT_001" time="11.838" classname="com.selenium.test.Login"/>
  <testcase name="login_AT_003" time="17.27" classname="com.selenium.test.Login">
    <failure type="org.openqa.selenium.ElementClickInterceptedException" message="element click intercepted: Element &amp;lt;a href=&amp;quot;/logout.do&amp;quot; id=&amp;quot;logoutLink&amp;quot; class=&amp;quot;logout&amp;quot;&amp;gt;...&amp;lt;/a&amp;gt; is not clickable at point (1000, 7). Other element would receive the click: &amp;lt;img src=&amp;quot;/img/default/dialogs/exitconfirm/shade.png?hash=36958913&amp;quot; id=&amp;quot;muar&amp;quot; style=&amp;quot;display: block;&amp;quot;&amp;gt;
  (Session info: chrome=74.0.3729.157)
  (Driver info: chromedriver=74.0.3729.6 (255758eccf3d244491b8a1317aa76e1ce10d57e9-refs/branch-heads/3729@{#29}),platform=Windows NT 6.3.9600 x86_64) (WARNING: The server did not provide any stacktrace information)
Command duration or timeout: 0 milliseconds
Build info: version: &amp;apos;3.141.59&amp;apos;, revision: &amp;apos;e82be7d358&amp;apos;, time: &amp;apos;2018-11-14T08:25:48&amp;apos;
System info: host: &amp;apos;RENT-MIS-LT3045&amp;apos;, ip: &amp;apos;192.168.0.102&amp;apos;, os.name: &amp;apos;Windows 8.1&amp;apos;, os.arch: &amp;apos;amd64&amp;apos;, os.version: &amp;apos;6.3&amp;apos;, java.version: &amp;apos;1.8.0_201&amp;apos;
Driver info: org.openqa.selenium.chrome.ChromeDriver
Capabilities {acceptInsecureCerts: false, acceptSslCerts: false, applicationCacheEnabled: false, browserConnectionEnabled: false, browserName: chrome, chrome: {chromedriverVersion: 74.0.3729.6 (255758eccf3d24..., userDataDir: C:\Users\SAIFUL~1.ISL\AppDa...}, cssSelectorsEnabled: true, databaseEnabled: false, goog:chromeOptions: {debuggerAddress: localhost:63134}, handlesAlerts: true, hasTouchScreen: false, javascriptEnabled: true, locationContextEnabled: true, mobileEmulationEnabled: false, nativeEvents: true, networkConnectionEnabled: false, pageLoadStrategy: normal, platform: XP, platformName: XP, proxy: Proxy(), rotatable: false, setWindowRect: true, strictFileInteractability: false, takesHeapSnapshot: true, takesScreenshot: true, timeouts: {implicit: 0, pageLoad: 300000, script: 30000}, unexpectedAlertBehaviour: ignore, unhandledPromptBehavior: ignore, version: 74.0.3729.157, webStorageEnabled: true}
Session ID: 097c6e1e2982650fb787e946e41e3299">
      <![CDATA[org.openqa.selenium.ElementClickInterceptedException: element click intercepted: Element <a href="/logout.do" id="logoutLink" class="logout">...</a> is not clickable at point (1000, 7). Other element would receive the click: <img src="/img/default/dialogs/exitconfirm/shade.png?hash=36958913" id="muar" style="display: block;">
  (Session info: chrome=74.0.3729.157)
  (Driver info: chromedriver=74.0.3729.6 (255758eccf3d244491b8a1317aa76e1ce10d57e9-refs/branch-heads/3729@{#29}),platform=Windows NT 6.3.9600 x86_64) (WARNING: The server did not provide any stacktrace information)
Command duration or timeout: 0 milliseconds
Build info: version: '3.141.59', revision: 'e82be7d358', time: '2018-11-14T08:25:48'
System info: host: 'RENT-MIS-LT3045', ip: '192.168.0.102', os.name: 'Windows 8.1', os.arch: 'amd64', os.version: '6.3', java.version: '1.8.0_201'
Driver info: org.openqa.selenium.chrome.ChromeDriver
Capabilities {acceptInsecureCerts: false, acceptSslCerts: false, applicationCacheEnabled: false, browserConnectionEnabled: false, browserName: chrome, chrome: {chromedriverVersion: 74.0.3729.6 (255758eccf3d24..., userDataDir: C:\Users\SAIFUL~1.ISL\AppDa...}, cssSelectorsEnabled: true, databaseEnabled: false, goog:chromeOptions: {debuggerAddress: localhost:63134}, handlesAlerts: true, hasTouchScreen: false, javascriptEnabled: true, locationContextEnabled: true, mobileEmulationEnabled: false, nativeEvents: true, networkConnectionEnabled: false, pageLoadStrategy: normal, platform: XP, platformName: XP, proxy: Proxy(), rotatable: false, setWindowRect: true, strictFileInteractability: false, takesHeapSnapshot: true, takesScreenshot: true, timeouts: {implicit: 0, pageLoad: 300000, script: 30000}, unexpectedAlertBehaviour: ignore, unhandledPromptBehavior: ignore, version: 74.0.3729.157, webStorageEnabled: true}
Session ID: 097c6e1e2982650fb787e946e41e3299
at org.openqa.selenium.remote.ErrorHandler.createThrowable(ErrorHandler.java:214)
at org.openqa.selenium.remote.ErrorHandler.throwIfResponseFailed(ErrorHandler.java:166)
at org.openqa.selenium.remote.http.JsonHttpResponseCodec.reconstructValue(JsonHttpResponseCodec.java:40)
at org.openqa.selenium.remote.http.AbstractHttpResponseCodec.decode(AbstractHttpResponseCodec.java:80)
at org.openqa.selenium.remote.http.AbstractHttpResponseCodec.decode(AbstractHttpResponseCodec.java:44)
at org.openqa.selenium.remote.HttpCommandExecutor.execute(HttpCommandExecutor.java:158)
at org.openqa.selenium.remote.service.DriverCommandExecutor.execute(DriverCommandExecutor.java:83)
at org.openqa.selenium.remote.RemoteWebDriver.execute(RemoteWebDriver.java:552)
at org.openqa.selenium.remote.RemoteWebElement.execute(RemoteWebElement.java:285)
at org.openqa.selenium.remote.RemoteWebElement.click(RemoteWebElement.java:84)
at com.selenium.test.Login.login_AT_003(Login.java:235)
... Removed 29 stack frames]]>
    </failure>
  </testcase> <!-- login_AT_003 -->
  <testcase name="login_AT_002" time="20.719" classname="com.selenium.test.Login">
    <failure type="org.openqa.selenium.ElementClickInterceptedException" message="element click intercepted: Element &amp;lt;a href=&amp;quot;/logout.do&amp;quot; id=&amp;quot;logoutLink&amp;quot; class=&amp;quot;logout&amp;quot;&amp;gt;...&amp;lt;/a&amp;gt; is not clickable at point (1000, 7). Other element would receive the click: &amp;lt;img src=&amp;quot;/img/default/dialogs/exitconfirm/shade.png?hash=36958913&amp;quot; id=&amp;quot;muar&amp;quot; style=&amp;quot;display: block;&amp;quot;&amp;gt;
  (Session info: chrome=74.0.3729.157)
  (Driver info: chromedriver=74.0.3729.6 (255758eccf3d244491b8a1317aa76e1ce10d57e9-refs/branch-heads/3729@{#29}),platform=Windows NT 6.3.9600 x86_64) (WARNING: The server did not provide any stacktrace information)
Command duration or timeout: 0 milliseconds
Build info: version: &amp;apos;3.141.59&amp;apos;, revision: &amp;apos;e82be7d358&amp;apos;, time: &amp;apos;2018-11-14T08:25:48&amp;apos;
System info: host: &amp;apos;RENT-MIS-LT3045&amp;apos;, ip: &amp;apos;192.168.0.102&amp;apos;, os.name: &amp;apos;Windows 8.1&amp;apos;, os.arch: &amp;apos;amd64&amp;apos;, os.version: &amp;apos;6.3&amp;apos;, java.version: &amp;apos;1.8.0_201&amp;apos;
Driver info: org.openqa.selenium.chrome.ChromeDriver
Capabilities {acceptInsecureCerts: false, acceptSslCerts: false, applicationCacheEnabled: false, browserConnectionEnabled: false, browserName: chrome, chrome: {chromedriverVersion: 74.0.3729.6 (255758eccf3d24..., userDataDir: C:\Users\SAIFUL~1.ISL\AppDa...}, cssSelectorsEnabled: true, databaseEnabled: false, goog:chromeOptions: {debuggerAddress: localhost:63134}, handlesAlerts: true, hasTouchScreen: false, javascriptEnabled: true, locationContextEnabled: true, mobileEmulationEnabled: false, nativeEvents: true, networkConnectionEnabled: false, pageLoadStrategy: normal, platform: XP, platformName: XP, proxy: Proxy(), rotatable: false, setWindowRect: true, strictFileInteractability: false, takesHeapSnapshot: true, takesScreenshot: true, timeouts: {implicit: 0, pageLoad: 300000, script: 30000}, unexpectedAlertBehaviour: ignore, unhandledPromptBehavior: ignore, version: 74.0.3729.157, webStorageEnabled: true}
Session ID: 097c6e1e2982650fb787e946e41e3299">
      <![CDATA[org.openqa.selenium.ElementClickInterceptedException: element click intercepted: Element <a href="/logout.do" id="logoutLink" class="logout">...</a> is not clickable at point (1000, 7). Other element would receive the click: <img src="/img/default/dialogs/exitconfirm/shade.png?hash=36958913" id="muar" style="display: block;">
  (Session info: chrome=74.0.3729.157)
  (Driver info: chromedriver=74.0.3729.6 (255758eccf3d244491b8a1317aa76e1ce10d57e9-refs/branch-heads/3729@{#29}),platform=Windows NT 6.3.9600 x86_64) (WARNING: The server did not provide any stacktrace information)
Command duration or timeout: 0 milliseconds
Build info: version: '3.141.59', revision: 'e82be7d358', time: '2018-11-14T08:25:48'
System info: host: 'RENT-MIS-LT3045', ip: '192.168.0.102', os.name: 'Windows 8.1', os.arch: 'amd64', os.version: '6.3', java.version: '1.8.0_201'
Driver info: org.openqa.selenium.chrome.ChromeDriver
Capabilities {acceptInsecureCerts: false, acceptSslCerts: false, applicationCacheEnabled: false, browserConnectionEnabled: false, browserName: chrome, chrome: {chromedriverVersion: 74.0.3729.6 (255758eccf3d24..., userDataDir: C:\Users\SAIFUL~1.ISL\AppDa...}, cssSelectorsEnabled: true, databaseEnabled: false, goog:chromeOptions: {debuggerAddress: localhost:63134}, handlesAlerts: true, hasTouchScreen: false, javascriptEnabled: true, locationContextEnabled: true, mobileEmulationEnabled: false, nativeEvents: true, networkConnectionEnabled: false, pageLoadStrategy: normal, platform: XP, platformName: XP, proxy: Proxy(), rotatable: false, setWindowRect: true, strictFileInteractability: false, takesHeapSnapshot: true, takesScreenshot: true, timeouts: {implicit: 0, pageLoad: 300000, script: 30000}, unexpectedAlertBehaviour: ignore, unhandledPromptBehavior: ignore, version: 74.0.3729.157, webStorageEnabled: true}
Session ID: 097c6e1e2982650fb787e946e41e3299
at org.openqa.selenium.remote.ErrorHandler.createThrowable(ErrorHandler.java:214)
at org.openqa.selenium.remote.ErrorHandler.throwIfResponseFailed(ErrorHandler.java:166)
at org.openqa.selenium.remote.http.JsonHttpResponseCodec.reconstructValue(JsonHttpResponseCodec.java:40)
at org.openqa.selenium.remote.http.AbstractHttpResponseCodec.decode(AbstractHttpResponseCodec.java:80)
at org.openqa.selenium.remote.http.AbstractHttpResponseCodec.decode(AbstractHttpResponseCodec.java:44)
at org.openqa.selenium.remote.HttpCommandExecutor.execute(HttpCommandExecutor.java:158)
at org.openqa.selenium.remote.service.DriverCommandExecutor.execute(DriverCommandExecutor.java:83)
at org.openqa.selenium.remote.RemoteWebDriver.execute(RemoteWebDriver.java:552)
at org.openqa.selenium.remote.RemoteWebElement.execute(RemoteWebElement.java:285)
at org.openqa.selenium.remote.RemoteWebElement.click(RemoteWebElement.java:84)
at com.selenium.test.Login.login_AT_002(Login.java:134)
... Removed 29 stack frames]]>
    </failure>
  </testcase> <!-- login_AT_002 -->
</testsuite> <!-- Regression1 -->
